<?xml version="1.0" encoding="UTF-8"?>
<!-- Generated by org.testng.reporters.JUnitReportReporter -->
<testsuite hostname="LAPTOP-DUA22OJE" name="com.diabetes.testcases.WellnessTest" tests="4" failures="0" timestamp="30 Jun 2017 21:56:43 GMT" time="0.018" errors="0">
  <testcase name="addIntegerSets" time="0.015" classname="com.diabetes.testcases.WellnessTest"/>
  <testcase name="findingMaxOIntegerSet" time="0.001" classname="com.diabetes.testcases.WellnessTest"/>
  <testcase name="average" time="0.001" classname="com.diabetes.testcases.WellnessTest"/>
  <testcase name="multiplicationOfZeroIntegersShouldReturnZero" time="0.001" classname="com.diabetes.testcases.WellnessTest"/>
</testsuite> <!-- com.diabetes.testcases.WellnessTest -->
